<?xml version="1.0" encoding="UTF-8"?>
<!-- Generated by org.testng.reporters.JUnitXMLReporter -->
<testsuite hostname="LAPTOP-8JUUJA28" ignored="1" name="Test" tests="5" failures="0" timestamp="19 Jul 2020 14:12:16 GMT" time="49.015" errors="0">
  <testcase name="forSignIn" time="3.996" classname="com.test.TestMain"/>
  <testcase name="forSelectCategory" time="4.8" classname="com.test.TestMain"/>
  <testcase name="forSelectCloth" time="0.112" classname="com.test.TestMain"/>
  <testcase name="forPayment" time="19.266" classname="com.test.TestMain"/>
  <testcase name="forCloseDriver" time="5.124" classname="com.test.TestMain"/>
  <testcase name="forSignUp" time="0.0" classname="com.test.TestMain">
    <ignored/>
  </testcase> <!-- forSignUp -->
</testsuite> <!-- Test -->
